<?xml version="1.0" encoding="UTF-8"?>
<testng-results ignored="5" total="17" passed="11" failed="1" skipped="0">
  <reporter-output>
  </reporter-output>
  <suite started-at="2022-11-06T20:32:08 IST" name="Suite" finished-at="2022-11-06T20:32:09 IST" duration-ms="94">
    <groups>
    </groups>
    <test started-at="2022-11-06T20:32:08 IST" name="Test" finished-at="2022-11-06T20:32:09 IST" duration-ms="41">
      <class name="com.service.TestHookMethods">
        <test-method is-config="true" signature="beforeTest()[pri:0, instance:com.service.TestHookMethods@932bc4a]" started-at="2022-11-06T20:32:08 IST" name="beforeTest" finished-at="2022-11-06T20:32:08 IST" duration-ms="0" status="PASS">
          <reporter-output>
          </reporter-output>
        </test-method> <!-- beforeTest -->
        <test-method is-config="true" signature="beforeClass()[pri:0, instance:com.service.TestHookMethods@932bc4a]" started-at="2022-11-06T20:32:08 IST" name="beforeClass" finished-at="2022-11-06T20:32:08 IST" duration-ms="2" status="PASS">
          <reporter-output>
          </reporter-output>
        </test-method> <!-- beforeClass -->
        <test-method is-config="true" signature="beforeMethod()[pri:0, instance:com.service.TestHookMethods@932bc4a]" started-at="2022-11-06T20:32:09 IST" name="beforeMethod" finished-at="2022-11-06T20:32:09 IST" duration-ms="1" status="PASS">
          <reporter-output>
          </reporter-output>
        </test-method> <!-- beforeMethod -->
        <test-method is-config="true" signature="beforeMethod()[pri:0, instance:com.service.TestHookMethods@932bc4a]" started-at="2022-11-06T20:32:09 IST" name="beforeMethod" finished-at="2022-11-06T20:32:09 IST" duration-ms="0" status="PASS">
          <reporter-output>
          </reporter-output>
        </test-method> <!-- beforeMethod -->
        <test-method signature="test1()[pri:0, instance:com.service.TestHookMethods@932bc4a]" started-at="2022-11-06T20:32:09 IST" name="test1" finished-at="2022-11-06T20:32:09 IST" duration-ms="5" status="PASS">
          <reporter-output>
          </reporter-output>
        </test-method> <!-- test1 -->
        <test-method signature="test2()[pri:0, instance:com.service.TestHookMethods@932bc4a]" started-at="2022-11-06T20:32:09 IST" name="test2" finished-at="2022-11-06T20:32:09 IST" duration-ms="3" status="PASS">
          <reporter-output>
          </reporter-output>
        </test-method> <!-- test2 -->
        <test-method is-config="true" signature="afterMethod()[pri:0, instance:com.service.TestHookMethods@932bc4a]" started-at="2022-11-06T20:32:09 IST" name="afterMethod" finished-at="2022-11-06T20:32:09 IST" duration-ms="1" status="PASS">
          <reporter-output>
          </reporter-output>
        </test-method> <!-- afterMethod -->
        <test-method is-config="true" signature="afterMethod()[pri:0, instance:com.service.TestHookMethods@932bc4a]" started-at="2022-11-06T20:32:09 IST" name="afterMethod" finished-at="2022-11-06T20:32:09 IST" duration-ms="0" status="PASS">
          <reporter-output>
          </reporter-output>
        </test-method> <!-- afterMethod -->
        <test-method is-config="true" signature="afterClass()[pri:0, instance:com.service.TestHookMethods@932bc4a]" started-at="2022-11-06T20:32:09 IST" name="afterClass" finished-at="2022-11-06T20:32:09 IST" duration-ms="0" status="PASS">
          <reporter-output>
          </reporter-output>
        </test-method> <!-- afterClass -->
        <test-method is-config="true" signature="afterTest()[pri:0, instance:com.service.TestHookMethods@932bc4a]" started-at="2022-11-06T20:32:09 IST" name="afterTest" finished-at="2022-11-06T20:32:09 IST" duration-ms="0" status="PASS">
          <reporter-output>
          </reporter-output>
        </test-method> <!-- afterTest -->
      </class> <!-- com.service.TestHookMethods -->
      <class name="com.service.OperationTest">
        <test-method signature="mulTest()[pri:0, instance:com.service.OperationTest@2df9b86]" started-at="2022-11-06T20:32:09 IST" name="mulTest" finished-at="2022-11-06T20:32:09 IST" duration-ms="8" status="PASS">
          <reporter-output>
          </reporter-output>
        </test-method> <!-- mulTest -->
        <test-method signature="addTest()[pri:0, instance:com.service.OperationTest@2df9b86]" started-at="2022-11-06T20:32:09 IST" name="addTest" finished-at="2022-11-06T20:32:09 IST" duration-ms="8" status="PASS">
          <reporter-output>
          </reporter-output>
        </test-method> <!-- addTest -->
        <test-method signature="subTest()[pri:0, instance:com.service.OperationTest@2df9b86]" started-at="2022-11-06T20:32:09 IST" name="subTest" finished-at="2022-11-06T20:32:09 IST" duration-ms="8" status="PASS">
          <reporter-output>
          </reporter-output>
        </test-method> <!-- subTest -->
      </class> <!-- com.service.OperationTest -->
    </test> <!-- Test -->
    <test started-at="2022-11-06T20:32:09 IST" name="EmployeeServiceTest" finished-at="2022-11-06T20:32:09 IST" duration-ms="8">
      <class name="com.service.EmployeeServiceTest">
        <test-method signature="getAllEmployeeTest()[pri:0, instance:com.service.EmployeeServiceTest@3b6ddd1d]" started-at="2022-11-06T20:32:09 IST" name="getAllEmployeeTest" finished-at="2022-11-06T20:32:09 IST" duration-ms="2" status="PASS">
          <reporter-output>
          </reporter-output>
        </test-method> <!-- getAllEmployeeTest -->
        <test-method signature="getEmployeeTest()[pri:0, instance:com.service.EmployeeServiceTest@3b6ddd1d]" started-at="2022-11-06T20:32:09 IST" name="getEmployeeTest" finished-at="2022-11-06T20:32:09 IST" duration-ms="3" status="PASS">
          <reporter-output>
          </reporter-output>
        </test-method> <!-- getEmployeeTest -->
        <test-method signature="searchEmployeeTest()[pri:0, instance:com.service.EmployeeServiceTest@3b6ddd1d]" started-at="2022-11-06T20:32:09 IST" name="searchEmployeeTest" finished-at="2022-11-06T20:32:09 IST" duration-ms="3" status="PASS">
          <reporter-output>
          </reporter-output>
        </test-method> <!-- searchEmployeeTest -->
        <test-method signature="updateSalaryTest()[pri:0, instance:com.service.EmployeeServiceTest@3b6ddd1d]" started-at="2022-11-06T20:32:09 IST" name="updateSalaryTest" finished-at="2022-11-06T20:32:09 IST" duration-ms="3" status="FAIL">
          <exception class="java.lang.AssertionError">
            <message>
              <![CDATA[expected [48600.0] but found [48000.0]]]>
            </message>
            <full-stacktrace>
              <![CDATA[java.lang.AssertionError: expected [48600.0] but found [48000.0]
at org.testng.Assert.fail(Assert.java:110)
at org.testng.Assert.failNotEquals(Assert.java:1413)
at org.testng.Assert.assertEquals(Assert.java:844)
at org.testng.Assert.assertEquals(Assert.java:879)
at com.service.EmployeeServiceTest.updateSalaryTest(EmployeeServiceTest.java:70)
at java.base/jdk.internal.reflect.NativeMethodAccessorImpl.invoke0(Native Method)
at java.base/jdk.internal.reflect.NativeMethodAccessorImpl.invoke(NativeMethodAccessorImpl.java:62)
at java.base/jdk.internal.reflect.DelegatingMethodAccessorImpl.invoke(DelegatingMethodAccessorImpl.java:43)
at java.base/java.lang.reflect.Method.invoke(Method.java:566)
at org.testng.internal.invokers.MethodInvocationHelper.invokeMethod(MethodInvocationHelper.java:135)
at org.testng.internal.invokers.TestInvoker.invokeMethod(TestInvoker.java:673)
at org.testng.internal.invokers.TestInvoker.invokeTestMethod(TestInvoker.java:220)
at org.testng.internal.invokers.MethodRunner.runInSequence(MethodRunner.java:50)
at org.testng.internal.invokers.TestInvoker$MethodInvocationAgent.invoke(TestInvoker.java:945)
at org.testng.internal.invokers.TestInvoker.invokeTestMethods(TestInvoker.java:193)
at org.testng.internal.invokers.TestMethodWorker.invokeTestMethods(TestMethodWorker.java:146)
at org.testng.internal.invokers.TestMethodWorker.run(TestMethodWorker.java:128)
at java.base/java.util.concurrent.ThreadPoolExecutor.runWorker(ThreadPoolExecutor.java:1128)
at java.base/java.util.concurrent.ThreadPoolExecutor$Worker.run(ThreadPoolExecutor.java:628)
at java.base/java.lang.Thread.run(Thread.java:834)
]]>
            </full-stacktrace>
          </exception> <!-- java.lang.AssertionError -->
          <reporter-output>
          </reporter-output>
        </test-method> <!-- updateSalaryTest -->
        <test-method signature="removeEmployeeTest()[pri:0, instance:com.service.EmployeeServiceTest@3b6ddd1d]" started-at="2022-11-06T20:32:09 IST" name="removeEmployeeTest" finished-at="2022-11-06T20:32:09 IST" duration-ms="3" status="PASS">
          <reporter-output>
          </reporter-output>
        </test-method> <!-- removeEmployeeTest -->
      </class> <!-- com.service.EmployeeServiceTest -->
      <class name="com.service.TestHookMethods">
        <test-method is-config="true" signature="beforeSuite()[pri:0, instance:com.service.TestHookMethods@932bc4a]" started-at="2022-11-06T20:32:08 IST" name="beforeSuite" finished-at="2022-11-06T20:32:08 IST" duration-ms="5" status="PASS">
          <reporter-output>
          </reporter-output>
        </test-method> <!-- beforeSuite -->
        <test-method is-config="true" signature="afterSuite()[pri:0, instance:com.service.TestHookMethods@932bc4a]" started-at="2022-11-06T20:32:09 IST" name="afterSuite" finished-at="2022-11-06T20:32:09 IST" duration-ms="1" status="PASS">
          <reporter-output>
          </reporter-output>
        </test-method> <!-- afterSuite -->
      </class> <!-- com.service.TestHookMethods -->
    </test> <!-- EmployeeServiceTest -->
  </suite> <!-- Suite -->
  <suite started-at="2022-11-06T20:32:09 IST" name="Suite (0)" finished-at="2022-11-06T20:32:09 IST" duration-ms="5">
    <groups>
      <group name="speed">
        <method signature="BikeTest.speed()[pri:0, instance:com.service.BikeTest@614ca7df]" name="speed" class="com.service.BikeTest"/>
        <method signature="CarTest.speed()[pri:0, instance:com.service.CarTest@6cd28fa7]" name="speed" class="com.service.CarTest"/>
      </group> <!-- speed -->
    </groups>
    <test started-at="2022-11-06T20:32:09 IST" name="VTest" finished-at="2022-11-06T20:32:09 IST" duration-ms="5">
      <class name="com.service.CarTest">
        <test-method signature="speed()[pri:0, instance:com.service.CarTest@6cd28fa7]" started-at="2022-11-06T20:32:09 IST" name="speed" finished-at="2022-11-06T20:32:09 IST" duration-ms="0" status="PASS">
          <reporter-output>
          </reporter-output>
        </test-method> <!-- speed -->
      </class> <!-- com.service.CarTest -->
      <class name="com.service.BikeTest">
        <test-method signature="speed()[pri:0, instance:com.service.BikeTest@614ca7df]" started-at="2022-11-06T20:32:09 IST" name="speed" finished-at="2022-11-06T20:32:09 IST" duration-ms="0" status="PASS">
          <reporter-output>
          </reporter-output>
        </test-method> <!-- speed -->
      </class> <!-- com.service.BikeTest -->
    </test> <!-- VTest -->
  </suite> <!-- Suite (0) -->
  <suite started-at="2022-11-06T20:32:09 IST" name="MyAllSuites" finished-at="2022-11-06T20:32:09 IST" duration-ms="0">
    <groups>
    </groups>
  </suite> <!-- MyAllSuites -->
</testng-results>
